Accuracy and Runtime for 10000 samples and k = 100
PCA Error Between Lanczos Serial SVD and True SVD:
4.22001853240264e-11
PCA Error Between Lanczos Parallel SVD and True SVD:
4.2895251430947664e-11
Serial Runtime (Minimum):
1.281775951385498
Serial Runtime (Average):
1.2851999998092651
All Serial Runtimes:
[1.28326321 1.28177595 1.28774357 1.28801727]
Parallel Runtime (Minimum):
0.7920498847961426
Parallel Runtime (Average):
0.7931368350982666
All Parallel Runtimes:
[0.79385281 0.79280233 0.79204988 0.79384232]
==================================
==================================
==================================
Accuracy and Runtime for 30000 samples and k = 100
PCA Error Between Lanczos Serial SVD and True SVD:
6.737860393578497e-11
PCA Error Between Lanczos Parallel SVD and True SVD:
7.13584342767096e-11
Serial Runtime (Minimum):
4.523518323898315
Serial Runtime (Average):
4.526483416557312
All Serial Runtimes:
[4.52802014 4.5276835  4.5267117  4.52351832]
Parallel Runtime (Minimum):
0.8684639930725098
Parallel Runtime (Average):
0.8769012093544006
All Parallel Runtimes:
[0.88767982 0.87582254 0.86846399 0.87563848]
==================================
==================================
==================================
Accuracy and Runtime for 60000 samples and k = 100
Serial Runtime (Minimum):
9.117437362670898
Serial Runtime (Average):
9.156668663024902
All Serial Runtimes:
[9.11743736 9.12741947 9.22563481 9.156183  ]
Parallel Runtime (Minimum):
1.007723093032837
Parallel Runtime (Average):
1.0093883872032166
All Parallel Runtimes:
[1.00772309 1.00950122 1.00784063 1.0124886 ]
==================================
==================================
==================================
