Accuracy and Runtime for 10000 samples and k = 100
PCA Error Between Lanczos Serial SVD and True SVD:
3.9786548990985486e-11
PCA Error Between Lanczos Parallel SVD and True SVD:
4.3806970729152554e-11
Serial Runtime (Minimum):
1.2936482429504395
Serial Runtime (Average):
1.3078793287277222
All Serial Runtimes:
[1.3416872  1.29890108 1.29364824 1.29728079]
Parallel Runtime (Minimum):
0.8022589683532715
Parallel Runtime (Average):
1.242445170879364
All Parallel Runtimes:
[2.56100678 0.8030591  0.80225897 0.80345583]
==================================
==================================
==================================
Accuracy and Runtime for 30000 samples and k = 100
PCA Error Between Lanczos Serial SVD and True SVD:
6.643782612420961e-11
PCA Error Between Lanczos Parallel SVD and True SVD:
6.647730314795584e-11
Serial Runtime (Minimum):
4.529211044311523
Serial Runtime (Average):
4.537674605846405
All Serial Runtimes:
[4.54202175 4.53407931 4.52921104 4.54538631]
Parallel Runtime (Minimum):
0.8884890079498291
Parallel Runtime (Average):
0.9178563952445984
All Parallel Runtimes:
[1.0003047  0.89032865 0.88848901 0.89230323]
==================================
==================================
==================================
Accuracy and Runtime for 60000 samples and k = 100
Serial Runtime (Minimum):
9.070874452590942
Serial Runtime (Average):
9.076448023319244
All Serial Runtimes:
[9.07678151 9.08428645 9.07087445 9.07384968]
Parallel Runtime (Minimum):
0.9988541603088379
Parallel Runtime (Average):
1.0567580461502075
All Parallel Runtimes:
[1.22360325 1.00105333 0.99885416 1.00352144]
==================================
==================================
==================================
