0
Traceback (most recent call last):
  File "/nfshomes/marcob/Parallel-Lanczos-PCA/testAlgo.py", line 41, in <module>
    projXp, Up, Dp, Vtp = lanczosSVDp(Data, k, trunc)
  File "/nfshomes/marcob/Parallel-Lanczos-PCA/LanczosSVD_Parallel.py", line 13, in lanczosSVDp
    T, V = lanczosP(A, k)
  File "/nfshomes/marcob/Parallel-Lanczos-PCA/LanczosSVD_Parallel.py", line 30, in lanczosP
    w = cp.dot(A, V[:,i])
  File "/nfshomes/marcob/lanczos_env/lib/python3.9/site-packages/cupy/linalg/_product.py", line 65, in dot
    return a.dot(b, out)
  File "cupy/_core/core.pyx", line 1640, in cupy._core.core.ndarray.dot
  File "cupy/_core/_routines_linalg.pyx", line 427, in cupy._core._routines_linalg.dot
  File "cupy/_core/_routines_linalg.pyx", line 512, in cupy._core._routines_linalg.tensordot_core
  File "cupy/_core/_routines_linalg.pyx", line 644, in cupy._core._routines_linalg.tensordot_core_v11
  File "cupy/cuda/device.pyx", line 70, in cupy.cuda.device.get_cublas_handle
  File "cupy/cuda/device.pyx", line 284, in cupy.cuda.device.Device.cublas_handle.__get__
  File "cupy/cuda/device.pyx", line 270, in cupy.cuda.device.Device._get_handle
  File "cupy_backends/cuda/libs/cublas.pyx", line 403, in cupy_backends.cuda.libs.cublas.create
  File "cupy_backends/cuda/libs/cublas.pyx", line 407, in cupy_backends.cuda.libs.cublas.create
  File "cupy_backends/cuda/libs/cublas.pyx", line 396, in cupy_backends.cuda.libs.cublas.check_status
cupy_backends.cuda.libs.cublas.CUBLASError: CUBLAS_STATUS_NOT_INITIALIZED
